This file contains any messages produced by compilers while
running configure, to aid debugging if configure makes a mistake.

It was created by FULL-PACKAGE-NAME configure VERSION, which was
generated by GNU Autoconf 2.69.  Invocation command line was

  $ ./configure 

## --------- ##
## Platform. ##
## --------- ##

hostname = COS70X64Shells1.hulong.org
uname -m = x86_64
uname -r = 3.10.0-123.el7.x86_64
uname -s = Linux
uname -v = #1 SMP Mon Jun 30 12:09:22 UTC 2014

/usr/bin/uname -p = x86_64
/bin/uname -X     = unknown

/bin/arch              = x86_64
/usr/bin/arch -k       = unknown
/usr/convex/getsysinfo = unknown
/usr/bin/hostinfo      = unknown
/bin/machine           = unknown
/usr/bin/oslevel       = unknown
/bin/universe          = unknown

PATH: /usr/local/bin
PATH: /usr/bin
PATH: /usr/local/sbin
PATH: /usr/sbin
PATH: /home/dev/.local/bin
PATH: /home/dev/bin


## ----------- ##
## Core tests. ##
## ----------- ##

configure:2140: checking for gcc
configure:2156: found /usr/bin/gcc
configure:2167: result: gcc
configure:2396: checking for C compiler version
configure:2405: gcc --version >&5
gcc (GCC) 4.8.5 20150623 (Red Hat 4.8.5-11)
Copyright (C) 2015 Free Software Foundation, Inc.
This is free software; see the source for copying conditions.  There is NO
warranty; not even for MERCHANTABILITY or FITNESS FOR A PARTICULAR PURPOSE.

configure:2416: $? = 0
configure:2405: gcc -v >&5
Using built-in specs.
COLLECT_GCC=gcc
COLLECT_LTO_WRAPPER=/usr/libexec/gcc/x86_64-redhat-linux/4.8.5/lto-wrapper
Target: x86_64-redhat-linux
Configured with: ../configure --prefix=/usr --mandir=/usr/share/man --infodir=/usr/share/info --with-bugurl=http://bugzilla.redhat.com/bugzilla --enable-bootstrap --enable-shared --enable-threads=posix --enable-checking=release --with-system-zlib --enable-__cxa_atexit --disable-libunwind-exceptions --enable-gnu-unique-object --enable-linker-build-id --with-linker-hash-style=gnu --enable-languages=c,c++,objc,obj-c++,java,fortran,ada,go,lto --enable-plugin --enable-initfini-array --disable-libgcj --with-isl=/builddir/build/BUILD/gcc-4.8.5-20150702/obj-x86_64-redhat-linux/isl-install --with-cloog=/builddir/build/BUILD/gcc-4.8.5-20150702/obj-x86_64-redhat-linux/cloog-install --enable-gnu-indirect-function --with-tune=generic --with-arch_32=x86-64 --build=x86_64-redhat-linux
Thread model: posix
gcc version 4.8.5 20150623 (Red Hat 4.8.5-11) (GCC) 
configure:2416: $? = 0
configure:2405: gcc -V >&5
gcc: error: unrecognized command line option '-V'
gcc: fatal error: no input files
compilation terminated.
configure:2416: $? = 4
configure:2405: gcc -qversion >&5
gcc: error: unrecognized command line option '-qversion'
gcc: fatal error: no input files
compilation terminated.
configure:2416: $? = 4
configure:2436: checking whether the C compiler works
configure:2458: gcc    conftest.c  >&5
configure:2462: $? = 0
configure:2510: result: yes
configure:2513: checking for C compiler default output file name
configure:2515: result: a.out
configure:2521: checking for suffix of executables
configure:2528: gcc -o conftest    conftest.c  >&5
configure:2532: $? = 0
configure:2554: result: 
configure:2576: checking whether we are cross compiling
configure:2584: gcc -o conftest    conftest.c  >&5
configure:2588: $? = 0
configure:2595: ./conftest
configure:2599: $? = 0
configure:2614: result: no
configure:2619: checking for suffix of object files
configure:2641: gcc -c   conftest.c >&5
configure:2645: $? = 0
configure:2666: result: o
configure:2670: checking whether we are using the GNU C compiler
configure:2689: gcc -c   conftest.c >&5
configure:2689: $? = 0
configure:2698: result: yes
configure:2707: checking whether gcc accepts -g
configure:2727: gcc -c -g  conftest.c >&5
configure:2727: $? = 0
configure:2768: result: yes
configure:2785: checking for gcc option to accept ISO C89
configure:2848: gcc  -c -g -O2  conftest.c >&5
configure:2848: $? = 0
configure:2861: result: none needed
configure:2891: checking how to run the C preprocessor
configure:2922: gcc -E  conftest.c
configure:2922: $? = 0
configure:2936: gcc -E  conftest.c
conftest.c:9:28: fatal error: ac_nonexistent.h: No such file or directory
 #include <ac_nonexistent.h>
                            ^
compilation terminated.
configure:2936: $? = 1
configure: failed program was:
| /* confdefs.h */
| #define PACKAGE_NAME "FULL-PACKAGE-NAME"
| #define PACKAGE_TARNAME "full-package-name"
| #define PACKAGE_VERSION "VERSION"
| #define PACKAGE_STRING "FULL-PACKAGE-NAME VERSION"
| #define PACKAGE_BUGREPORT "BUG-REPORT-ADDRESS"
| #define PACKAGE_URL ""
| /* end confdefs.h.  */
| #include <ac_nonexistent.h>
configure:2961: result: gcc -E
configure:2981: gcc -E  conftest.c
configure:2981: $? = 0
configure:2995: gcc -E  conftest.c
conftest.c:9:28: fatal error: ac_nonexistent.h: No such file or directory
 #include <ac_nonexistent.h>
                            ^
compilation terminated.
configure:2995: $? = 1
configure: failed program was:
| /* confdefs.h */
| #define PACKAGE_NAME "FULL-PACKAGE-NAME"
| #define PACKAGE_TARNAME "full-package-name"
| #define PACKAGE_VERSION "VERSION"
| #define PACKAGE_STRING "FULL-PACKAGE-NAME VERSION"
| #define PACKAGE_BUGREPORT "BUG-REPORT-ADDRESS"
| #define PACKAGE_URL ""
| /* end confdefs.h.  */
| #include <ac_nonexistent.h>
configure:3024: checking for grep that handles long lines and -e
configure:3082: result: /usr/bin/grep
configure:3087: checking for egrep
configure:3149: result: /usr/bin/grep -E
configure:3154: checking for ANSI C header files
configure:3174: gcc -c -g -O2  conftest.c >&5
configure:3174: $? = 0
configure:3247: gcc -o conftest -g -O2   conftest.c  >&5
configure:3247: $? = 0
configure:3247: ./conftest
configure:3247: $? = 0
configure:3258: result: yes
configure:3271: checking for sys/types.h
configure:3271: gcc -c -g -O2  conftest.c >&5
configure:3271: $? = 0
configure:3271: result: yes
configure:3271: checking for sys/stat.h
configure:3271: gcc -c -g -O2  conftest.c >&5
configure:3271: $? = 0
configure:3271: result: yes
configure:3271: checking for stdlib.h
configure:3271: gcc -c -g -O2  conftest.c >&5
configure:3271: $? = 0
configure:3271: result: yes
configure:3271: checking for string.h
configure:3271: gcc -c -g -O2  conftest.c >&5
configure:3271: $? = 0
configure:3271: result: yes
configure:3271: checking for memory.h
configure:3271: gcc -c -g -O2  conftest.c >&5
configure:3271: $? = 0
configure:3271: result: yes
configure:3271: checking for strings.h
configure:3271: gcc -c -g -O2  conftest.c >&5
configure:3271: $? = 0
configure:3271: result: yes
configure:3271: checking for inttypes.h
configure:3271: gcc -c -g -O2  conftest.c >&5
configure:3271: $? = 0
configure:3271: result: yes
configure:3271: checking for stdint.h
configure:3271: gcc -c -g -O2  conftest.c >&5
configure:3271: $? = 0
configure:3271: result: yes
configure:3271: checking for unistd.h
configure:3271: gcc -c -g -O2  conftest.c >&5
configure:3271: $? = 0
configure:3271: result: yes
configure:3285: checking sys/time.h usability
configure:3285: gcc -c -g -O2  conftest.c >&5
configure:3285: $? = 0
configure:3285: result: yes
configure:3285: checking sys/time.h presence
configure:3285: gcc -E  conftest.c
configure:3285: $? = 0
configure:3285: result: yes
configure:3285: checking for sys/time.h
configure:3285: result: yes
configure:3301: checking for gettimeofday
configure:3301: gcc -o conftest -g -O2   conftest.c  >&5
configure:3301: $? = 0
configure:3301: result: yes
configure:3427: creating ./config.status

## ---------------------- ##
## Running config.status. ##
## ---------------------- ##

This file was extended by FULL-PACKAGE-NAME config.status VERSION, which was
generated by GNU Autoconf 2.69.  Invocation command line was

  CONFIG_FILES    = 
  CONFIG_HEADERS  = 
  CONFIG_LINKS    = 
  CONFIG_COMMANDS = 
  $ ./config.status 

on COS70X64Shells1.hulong.org

config.status:799: creating Makefile
config.status:799: creating config.h

## ---------------- ##
## Cache variables. ##
## ---------------- ##

ac_cv_c_compiler_gnu=yes
ac_cv_env_CC_set=
ac_cv_env_CC_value=
ac_cv_env_CFLAGS_set=
ac_cv_env_CFLAGS_value=
ac_cv_env_CPPFLAGS_set=
ac_cv_env_CPPFLAGS_value=
ac_cv_env_CPP_set=
ac_cv_env_CPP_value=
ac_cv_env_LDFLAGS_set=
ac_cv_env_LDFLAGS_value=
ac_cv_env_LIBS_set=
ac_cv_env_LIBS_value=
ac_cv_env_build_alias_set=
ac_cv_env_build_alias_value=
ac_cv_env_host_alias_set=
ac_cv_env_host_alias_value=
ac_cv_env_target_alias_set=
ac_cv_env_target_alias_value=
ac_cv_func_gettimeofday=yes
ac_cv_header_inttypes_h=yes
ac_cv_header_memory_h=yes
ac_cv_header_stdc=yes
ac_cv_header_stdint_h=yes
ac_cv_header_stdlib_h=yes
ac_cv_header_string_h=yes
ac_cv_header_strings_h=yes
ac_cv_header_sys_stat_h=yes
ac_cv_header_sys_time_h=yes
ac_cv_header_sys_types_h=yes
ac_cv_header_unistd_h=yes
ac_cv_objext=o
ac_cv_path_EGREP='/usr/bin/grep -E'
ac_cv_path_GREP=/usr/bin/grep
ac_cv_prog_CPP='gcc -E'
ac_cv_prog_ac_ct_CC=gcc
ac_cv_prog_cc_c89=
ac_cv_prog_cc_g=yes

## ----------------- ##
## Output variables. ##
## ----------------- ##

CC='gcc'
CFLAGS='-g -O2'
CPP='gcc -E'
CPPFLAGS=''
DEFS='-DHAVE_CONFIG_H'
ECHO_C=''
ECHO_N='-n'
ECHO_T=''
EGREP='/usr/bin/grep -E'
EXEEXT=''
GREP='/usr/bin/grep'
LDFLAGS=''
LIBOBJS=''
LIBS=''
LTLIBOBJS=''
OBJEXT='o'
PACKAGE_BUGREPORT='BUG-REPORT-ADDRESS'
PACKAGE_NAME='FULL-PACKAGE-NAME'
PACKAGE_STRING='FULL-PACKAGE-NAME VERSION'
PACKAGE_TARNAME='full-package-name'
PACKAGE_URL=''
PACKAGE_VERSION='VERSION'
PATH_SEPARATOR=':'
SHELL='/bin/sh'
ac_ct_CC='gcc'
bindir='${exec_prefix}/bin'
build_alias=''
datadir='${datarootdir}'
datarootdir='${prefix}/share'
docdir='${datarootdir}/doc/${PACKAGE_TARNAME}'
dvidir='${docdir}'
exec_prefix='${prefix}'
host_alias=''
htmldir='${docdir}'
includedir='${prefix}/include'
infodir='${datarootdir}/info'
libdir='${exec_prefix}/lib'
libexecdir='${exec_prefix}/libexec'
localedir='${datarootdir}/locale'
localstatedir='${prefix}/var'
mandir='${datarootdir}/man'
oldincludedir='/usr/include'
pdfdir='${docdir}'
prefix='/usr/local'
program_transform_name='s,x,x,'
psdir='${docdir}'
sbindir='${exec_prefix}/sbin'
sharedstatedir='${prefix}/com'
sysconfdir='${prefix}/etc'
target_alias=''

## ----------- ##
## confdefs.h. ##
## ----------- ##

/* confdefs.h */
#define PACKAGE_NAME "FULL-PACKAGE-NAME"
#define PACKAGE_TARNAME "full-package-name"
#define PACKAGE_VERSION "VERSION"
#define PACKAGE_STRING "FULL-PACKAGE-NAME VERSION"
#define PACKAGE_BUGREPORT "BUG-REPORT-ADDRESS"
#define PACKAGE_URL ""
#define STDC_HEADERS 1
#define HAVE_SYS_TYPES_H 1
#define HAVE_SYS_STAT_H 1
#define HAVE_STDLIB_H 1
#define HAVE_STRING_H 1
#define HAVE_MEMORY_H 1
#define HAVE_STRINGS_H 1
#define HAVE_INTTYPES_H 1
#define HAVE_STDINT_H 1
#define HAVE_UNISTD_H 1
#define HAVE_SYS_TIME_H 1
#define HAVE_GETTIMEOFDAY 1

configure: exit 0
